<?xml version="1.0" encoding="UTF-8"?>
<!-- Generated by org.testng.reporters.JUnitReportReporter -->
<testsuite skipped="0" hostname="NB1499-PC0DPS88" name="selenium.test" tests="1" failures="0" timestamp="06 Dec 2017 04:05:03 GMT" time="15.193" errors="0">
  <testcase name="testMethod" time="15.193" classname="selenium.test"/>
</testsuite> <!-- selenium.test -->
